
2019-12-23 11:33:01
Could not open input file: /home/wwwroot/default/queue/good.php
2019-12-23 11:34:01
Could not open input file: /home/wwwroot/default/queue/good.php
2019-12-23 11:35:01
Could not open input file: /home/wwwroot/default/queue/good.php
2019-12-23 11:36:01
Success： 22019-12-23 11:37:01
Success： 22019-12-23 11:38:01
Success： 22019-12-23 11:39:01
Success： 22019-12-23 11:40:01
Success： 22019-12-23 11:41:01
Success： 22019-12-23 11:42:01
Nothing to do2019-12-23 11:43:01
Nothing to do2019-12-23 11:44:01
Nothing to do2019-12-23 11:45:01
Nothing to do2019-12-23 11:46:01
Nothing to do2019-12-23 11:47:01
Nothing to do2019-12-23 11:48:01
Nothing to do2019-12-23 11:49:01
Nothing to do